2020-04-13 20:12:32 [main] INFO  o.s.b.t.a.w.s.WebMvcTestContextBootstrapper -
				Neither @ContextConfiguration nor @ContextHierarchy found for test class [com.stackroute.giphermanager.controller.GifManagerControllerTest], using SpringBootContextLoader
2020-04-13 20:12:32 [main] INFO  o.s.t.c.s.AbstractContextLoader -
				Could not detect default resource locations for test class [com.stackroute.giphermanager.controller.GifManagerControllerTest]: no resource found for suffixes {-context.xml, Context.groovy}.
2020-04-13 20:12:32 [main] INFO  o.s.t.c.s.AnnotationConfigContextLoaderUtils -
				Could not detect default configuration classes for test class [com.stackroute.giphermanager.controller.GifManagerControllerTest]: GifManagerControllerTest does not declare any static, non-private, non-final, nested classes annotated with @Configuration.
2020-04-13 20:12:33 [main] INFO  o.s.b.t.c.SpringBootTestContextBootstrapper -
				Found @SpringBootConfiguration com.stackroute.giphermanager.GipherManagerApplication for test class com.stackroute.giphermanager.controller.GifManagerControllerTest
2020-04-13 20:12:33 [main] INFO  o.s.b.t.a.w.s.WebMvcTestContextBootstrapper -
				Loaded default TestExecutionListener class names from location [META-INF/spring.factories]: [org.springframework.boot.test.mock.mockito.MockitoTestExecutionListener, org.springframework.boot.test.mock.mockito.ResetMocksTestExecutionListener, org.springframework.boot.test.autoconfigure.restdocs.RestDocsTestExecutionListener, org.springframework.boot.test.autoconfigure.web.client.MockRestServiceServerResetTestExecutionListener, org.springframework.boot.test.autoconfigure.web.servlet.MockMvcPrintOnlyOnFailureTestExecutionListener, org.springframework.boot.test.autoconfigure.web.servlet.WebDriverTestExecutionListener, org.springframework.test.context.web.ServletTestExecutionListener, org.springframework.test.context.support.DirtiesContextBeforeModesTestExecutionListener, org.springframework.test.context.support.DependencyInjectionTestExecutionListener, org.springframework.test.context.support.DirtiesContextTestExecutionListener, org.springframework.test.context.transaction.TransactionalTestExecutionListener, org.springframework.test.context.jdbc.SqlScriptsTestExecutionListener, org.springframework.test.context.event.EventPublishingTestExecutionListener]
2020-04-13 20:12:33 [main] INFO  o.s.b.t.a.w.s.WebMvcTestContextBootstrapper -
				Using TestExecutionListeners: [org.springframework.test.context.web.ServletTestExecutionListener@9cb8225, org.springframework.test.context.support.DirtiesContextBeforeModesTestExecutionListener@76b07f29, org.springframework.boot.test.mock.mockito.MockitoTestExecutionListener@38af9828, org.springframework.boot.test.autoconfigure.SpringBootDependencyInjectionTestExecutionListener@376a0d86, org.springframework.test.context.support.DirtiesContextTestExecutionListener@62656be4, org.springframework.test.context.transaction.TransactionalTestExecutionListener@17d919b6, org.springframework.test.context.jdbc.SqlScriptsTestExecutionListener@53f3bdbd, org.springframework.test.context.event.EventPublishingTestExecutionListener@34129c78, org.springframework.boot.test.mock.mockito.ResetMocksTestExecutionListener@7d61eb55, org.springframework.boot.test.autoconfigure.restdocs.RestDocsTestExecutionListener@222a59e6, org.springframework.boot.test.autoconfigure.web.client.MockRestServiceServerResetTestExecutionListener@6c7a164b, org.springframework.boot.test.autoconfigure.web.servlet.MockMvcPrintOnlyOnFailureTestExecutionListener@4c2bb6e0, org.springframework.boot.test.autoconfigure.web.servlet.WebDriverTestExecutionListener@3e62d773]
2020-04-13 20:12:37 [main] INFO  c.s.g.c.GifManagerControllerTest -
				No active profile set, falling back to default profiles: default
2020-04-13 20:12:42 [main] INFO  o.s.s.c.ThreadPoolTaskExecutor -
				Initializing ExecutorService 'applicationTaskExecutor'
2020-04-13 20:12:43 [main] INFO  o.s.b.t.m.w.SpringBootMockServletContext -
				Initializing Spring TestDispatcherServlet ''
2020-04-13 20:12:43 [main] INFO  o.s.t.w.s.TestDispatcherServlet -
				Initializing Servlet ''
2020-04-13 20:12:43 [main] INFO  o.s.t.w.s.TestDispatcherServlet -
				Completed initialization in 63 ms
2020-04-13 20:12:43 [main] INFO  c.s.g.c.GifManagerControllerTest -
				Started GifManagerControllerTest in 7.984 seconds (JVM running for 14.344)
2020-04-13 20:12:43 [main] INFO  o.s.mock.web.MockServletContext -
				Initializing Spring TestDispatcherServlet ''
2020-04-13 20:12:43 [main] INFO  o.s.t.w.s.TestDispatcherServlet -
				Initializing Servlet ''
2020-04-13 20:12:43 [main] INFO  o.s.t.w.s.TestDispatcherServlet -
				Completed initialization in 0 ms
2020-04-13 20:12:43 [SpringContextShutdownHook] INFO  o.s.s.c.ThreadPoolTaskExecutor -
				Shutting down ExecutorService 'applicationTaskExecutor'
