2020-04-13 20:05:46 [main] INFO  o.s.b.t.a.w.s.WebMvcTestContextBootstrapper -
				Neither @ContextConfiguration nor @ContextHierarchy found for test class [com.stackroute.giphermanager.controller.GifManagerControllerTest], using SpringBootContextLoader
2020-04-13 20:05:46 [main] INFO  o.s.t.c.s.AbstractContextLoader -
				Could not detect default resource locations for test class [com.stackroute.giphermanager.controller.GifManagerControllerTest]: no resource found for suffixes {-context.xml, Context.groovy}.
2020-04-13 20:05:46 [main] INFO  o.s.t.c.s.AnnotationConfigContextLoaderUtils -
				Could not detect default configuration classes for test class [com.stackroute.giphermanager.controller.GifManagerControllerTest]: GifManagerControllerTest does not declare any static, non-private, non-final, nested classes annotated with @Configuration.
2020-04-13 20:05:46 [main] INFO  o.s.b.t.c.SpringBootTestContextBootstrapper -
				Found @SpringBootConfiguration com.stackroute.giphermanager.GipherManagerApplication for test class com.stackroute.giphermanager.controller.GifManagerControllerTest
2020-04-13 20:05:46 [main] INFO  o.s.b.t.a.w.s.WebMvcTestContextBootstrapper -
				Loaded default TestExecutionListener class names from location [META-INF/spring.factories]: [org.springframework.boot.test.mock.mockito.MockitoTestExecutionListener, org.springframework.boot.test.mock.mockito.ResetMocksTestExecutionListener, org.springframework.boot.test.autoconfigure.restdocs.RestDocsTestExecutionListener, org.springframework.boot.test.autoconfigure.web.client.MockRestServiceServerResetTestExecutionListener, org.springframework.boot.test.autoconfigure.web.servlet.MockMvcPrintOnlyOnFailureTestExecutionListener, org.springframework.boot.test.autoconfigure.web.servlet.WebDriverTestExecutionListener, org.springframework.test.context.web.ServletTestExecutionListener, org.springframework.test.context.support.DirtiesContextBeforeModesTestExecutionListener, org.springframework.test.context.support.DependencyInjectionTestExecutionListener, org.springframework.test.context.support.DirtiesContextTestExecutionListener, org.springframework.test.context.transaction.TransactionalTestExecutionListener, org.springframework.test.context.jdbc.SqlScriptsTestExecutionListener, org.springframework.test.context.event.EventPublishingTestExecutionListener]
2020-04-13 20:05:46 [main] INFO  o.s.b.t.a.w.s.WebMvcTestContextBootstrapper -
				Using TestExecutionListeners: [org.springframework.test.context.web.ServletTestExecutionListener@76b07f29, org.springframework.test.context.support.DirtiesContextBeforeModesTestExecutionListener@38af9828, org.springframework.boot.test.mock.mockito.MockitoTestExecutionListener@376a0d86, org.springframework.boot.test.autoconfigure.SpringBootDependencyInjectionTestExecutionListener@62656be4, org.springframework.test.context.support.DirtiesContextTestExecutionListener@17d919b6, org.springframework.test.context.transaction.TransactionalTestExecutionListener@53f3bdbd, org.springframework.test.context.jdbc.SqlScriptsTestExecutionListener@34129c78, org.springframework.test.context.event.EventPublishingTestExecutionListener@7d61eb55, org.springframework.boot.test.mock.mockito.ResetMocksTestExecutionListener@222a59e6, org.springframework.boot.test.autoconfigure.restdocs.RestDocsTestExecutionListener@6c7a164b, org.springframework.boot.test.autoconfigure.web.client.MockRestServiceServerResetTestExecutionListener@4c2bb6e0, org.springframework.boot.test.autoconfigure.web.servlet.MockMvcPrintOnlyOnFailureTestExecutionListener@3e62d773, org.springframework.boot.test.autoconfigure.web.servlet.WebDriverTestExecutionListener@4ef74c30]
2020-04-13 20:05:50 [main] INFO  c.s.g.c.GifManagerControllerTest -
				No active profile set, falling back to default profiles: default
2020-04-13 20:05:54 [main] INFO  o.s.s.c.ThreadPoolTaskExecutor -
				Initializing ExecutorService 'applicationTaskExecutor'
2020-04-13 20:05:54 [main] INFO  o.s.b.t.m.w.SpringBootMockServletContext -
				Initializing Spring TestDispatcherServlet ''
2020-04-13 20:05:54 [main] INFO  o.s.t.w.s.TestDispatcherServlet -
				Initializing Servlet ''
2020-04-13 20:05:54 [main] INFO  o.s.t.w.s.TestDispatcherServlet -
				Completed initialization in 30 ms
2020-04-13 20:05:54 [main] INFO  c.s.g.c.GifManagerControllerTest -
				Started GifManagerControllerTest in 6.471 seconds (JVM running for 11.874)
2020-04-13 20:05:55 [SpringContextShutdownHook] INFO  o.s.s.c.ThreadPoolTaskExecutor -
				Shutting down ExecutorService 'applicationTaskExecutor'
