2020-03-04 08:32:38 [main] INFO  c.s.k.t.c.CategoryControllerTest -
				Starting CategoryControllerTest on ip-172-31-21-44 with PID 5302 (started by ubuntu in /home/ubuntu/Desktop/stackroute/KeepNote-Step6-Boilerplate/CategoryService)
2020-03-04 08:32:38 [main] INFO  c.s.k.t.c.CategoryControllerTest -
				No active profile set, falling back to default profiles: default
2020-03-04 08:32:40 [main] INFO  c.s.k.t.c.CategoryControllerTest -
				Started CategoryControllerTest in 2.071 seconds (JVM running for 3.964)
2020-03-04 08:32:40 [main] INFO  c.s.k.controller.CategoryController -
				category created
2020-03-04 08:32:40 [main] ERROR c.s.k.controller.CategoryController -
				Category already exists
2020-03-04 08:32:40 [main] INFO  c.s.keepnote.test.log.LoggerTest -
				Starting LoggerTest on ip-172-31-21-44 with PID 5302 (started by ubuntu in /home/ubuntu/Desktop/stackroute/KeepNote-Step6-Boilerplate/CategoryService)
2020-03-04 08:32:40 [main] INFO  c.s.keepnote.test.log.LoggerTest -
				No active profile set, falling back to default profiles: default
2020-03-04 08:32:42 [main] INFO  c.s.keepnote.aspectj.LoggingAspect -
				Before execution of CategoryService Advice : jwtFilter
2020-03-04 08:32:42 [main] INFO  c.s.keepnote.aspectj.LoggingAspect -
				After execution of CategoryService Advice : jwtFilter
2020-03-04 08:32:42 [main] INFO  c.s.keepnote.aspectj.LoggingAspect -
				Execution of After Returning CategoryService Advice : jwtFilter : org.springframework.boot.web.servlet.FilterRegistrationBean@78fb72cb
2020-03-04 08:32:42 [main] INFO  c.s.keepnote.test.log.LoggerTest -
				Started LoggerTest in 2.023 seconds (JVM running for 6.37)
2020-03-04 08:32:42 [main] INFO  c.s.k.t.r.CategoryRepositoryTest -
				Starting CategoryRepositoryTest on ip-172-31-21-44 with PID 5302 (started by ubuntu in /home/ubuntu/Desktop/stackroute/KeepNote-Step6-Boilerplate/CategoryService)
2020-03-04 08:32:42 [main] INFO  c.s.k.t.r.CategoryRepositoryTest -
				No active profile set, falling back to default profiles: default
2020-03-04 08:32:43 [main] INFO  c.s.k.t.r.CategoryRepositoryTest -
				Started CategoryRepositoryTest in 0.369 seconds (JVM running for 6.764)
