2020-04-14 04:57:14 [main] INFO  o.s.b.t.a.w.s.WebMvcTestContextBootstrapper -
				Neither @ContextConfiguration nor @ContextHierarchy found for test class [com.stackroute.gipherrecommendersystem.controller.RecommendationControllerTest], using SpringBootContextLoader
2020-04-14 04:57:14 [main] INFO  o.s.t.c.s.AbstractContextLoader -
				Could not detect default resource locations for test class [com.stackroute.gipherrecommendersystem.controller.RecommendationControllerTest]: no resource found for suffixes {-context.xml, Context.groovy}.
2020-04-14 04:57:14 [main] INFO  o.s.t.c.s.AnnotationConfigContextLoaderUtils -
				Could not detect default configuration classes for test class [com.stackroute.gipherrecommendersystem.controller.RecommendationControllerTest]: RecommendationControllerTest does not declare any static, non-private, non-final, nested classes annotated with @Configuration.
2020-04-14 04:57:16 [main] INFO  o.s.b.t.c.SpringBootTestContextBootstrapper -
				Found @SpringBootConfiguration com.stackroute.gipherrecommendersystem.GipherRecommenderSystemApplication for test class com.stackroute.gipherrecommendersystem.controller.RecommendationControllerTest
2020-04-14 04:57:16 [main] INFO  o.s.b.t.a.w.s.WebMvcTestContextBootstrapper -
				Loaded default TestExecutionListener class names from location [META-INF/spring.factories]: [org.springframework.boot.test.mock.mockito.MockitoTestExecutionListener, org.springframework.boot.test.mock.mockito.ResetMocksTestExecutionListener, org.springframework.boot.test.autoconfigure.restdocs.RestDocsTestExecutionListener, org.springframework.boot.test.autoconfigure.web.client.MockRestServiceServerResetTestExecutionListener, org.springframework.boot.test.autoconfigure.web.servlet.MockMvcPrintOnlyOnFailureTestExecutionListener, org.springframework.boot.test.autoconfigure.web.servlet.WebDriverTestExecutionListener, org.springframework.test.context.web.ServletTestExecutionListener, org.springframework.test.context.support.DirtiesContextBeforeModesTestExecutionListener, org.springframework.test.context.support.DependencyInjectionTestExecutionListener, org.springframework.test.context.support.DirtiesContextTestExecutionListener, org.springframework.test.context.transaction.TransactionalTestExecutionListener, org.springframework.test.context.jdbc.SqlScriptsTestExecutionListener, org.springframework.test.context.event.EventPublishingTestExecutionListener]
2020-04-14 04:57:16 [main] INFO  o.s.b.t.a.w.s.WebMvcTestContextBootstrapper -
				Using TestExecutionListeners: [org.springframework.test.context.web.ServletTestExecutionListener@10289886, org.springframework.test.context.support.DirtiesContextBeforeModesTestExecutionListener@5c86dbc5, org.springframework.boot.test.mock.mockito.MockitoTestExecutionListener@461ad730, org.springframework.boot.test.autoconfigure.SpringBootDependencyInjectionTestExecutionListener@4ee203eb, org.springframework.test.context.support.DirtiesContextTestExecutionListener@1a5a4e19, org.springframework.test.context.transaction.TransactionalTestExecutionListener@7068e664, org.springframework.test.context.jdbc.SqlScriptsTestExecutionListener@60db1c0e, org.springframework.test.context.event.EventPublishingTestExecutionListener@3e78b6a5, org.springframework.boot.test.mock.mockito.ResetMocksTestExecutionListener@769a1df5, org.springframework.boot.test.autoconfigure.restdocs.RestDocsTestExecutionListener@41f69e84, org.springframework.boot.test.autoconfigure.web.client.MockRestServiceServerResetTestExecutionListener@7975d1d8, org.springframework.boot.test.autoconfigure.web.servlet.MockMvcPrintOnlyOnFailureTestExecutionListener@2438dcd, org.springframework.boot.test.autoconfigure.web.servlet.WebDriverTestExecutionListener@24105dc5]
2020-04-14 04:57:20 [main] INFO  c.s.g.c.RecommendationControllerTest -
				No active profile set, falling back to default profiles: default
2020-04-14 04:57:24 [main] INFO  o.s.s.c.ThreadPoolTaskExecutor -
				Initializing ExecutorService 'applicationTaskExecutor'
2020-04-14 04:57:25 [main] INFO  o.s.b.t.m.w.SpringBootMockServletContext -
				Initializing Spring TestDispatcherServlet ''
2020-04-14 04:57:25 [main] INFO  o.s.t.w.s.TestDispatcherServlet -
				Initializing Servlet ''
2020-04-14 04:57:25 [main] INFO  o.s.t.w.s.TestDispatcherServlet -
				Completed initialization in 41 ms
2020-04-14 04:57:25 [main] INFO  c.s.g.c.RecommendationControllerTest -
				Started RecommendationControllerTest in 8.648 seconds (JVM running for 16.769)
2020-04-14 04:57:26 [SpringContextShutdownHook] INFO  o.s.s.c.ThreadPoolTaskExecutor -
				Shutting down ExecutorService 'applicationTaskExecutor'
