2020-04-13 20:09:52 [main] INFO  o.s.b.t.a.w.s.WebMvcTestContextBootstrapper -
				Neither @ContextConfiguration nor @ContextHierarchy found for test class [com.stackroute.accountmanager.controller.AccountManagerControllerTest], using SpringBootContextLoader
2020-04-13 20:09:52 [main] INFO  o.s.t.c.s.AbstractContextLoader -
				Could not detect default resource locations for test class [com.stackroute.accountmanager.controller.AccountManagerControllerTest]: no resource found for suffixes {-context.xml, Context.groovy}.
2020-04-13 20:09:52 [main] INFO  o.s.t.c.s.AnnotationConfigContextLoaderUtils -
				Could not detect default configuration classes for test class [com.stackroute.accountmanager.controller.AccountManagerControllerTest]: AccountManagerControllerTest does not declare any static, non-private, non-final, nested classes annotated with @Configuration.
2020-04-13 20:09:53 [main] INFO  o.s.b.t.c.SpringBootTestContextBootstrapper -
				Found @SpringBootConfiguration com.stackroute.accountmanager.AccountmanagerApplication for test class com.stackroute.accountmanager.controller.AccountManagerControllerTest
2020-04-13 20:09:53 [main] INFO  o.s.b.t.a.w.s.WebMvcTestContextBootstrapper -
				Loaded default TestExecutionListener class names from location [META-INF/spring.factories]: [org.springframework.boot.test.mock.mockito.MockitoTestExecutionListener, org.springframework.boot.test.mock.mockito.ResetMocksTestExecutionListener, org.springframework.boot.test.autoconfigure.restdocs.RestDocsTestExecutionListener, org.springframework.boot.test.autoconfigure.web.client.MockRestServiceServerResetTestExecutionListener, org.springframework.boot.test.autoconfigure.web.servlet.MockMvcPrintOnlyOnFailureTestExecutionListener, org.springframework.boot.test.autoconfigure.web.servlet.WebDriverTestExecutionListener, org.springframework.test.context.web.ServletTestExecutionListener, org.springframework.test.context.support.DirtiesContextBeforeModesTestExecutionListener, org.springframework.test.context.support.DependencyInjectionTestExecutionListener, org.springframework.test.context.support.DirtiesContextTestExecutionListener, org.springframework.test.context.transaction.TransactionalTestExecutionListener, org.springframework.test.context.jdbc.SqlScriptsTestExecutionListener, org.springframework.test.context.event.EventPublishingTestExecutionListener]
2020-04-13 20:09:53 [main] INFO  o.s.b.t.a.w.s.WebMvcTestContextBootstrapper -
				Using TestExecutionListeners: [org.springframework.test.context.web.ServletTestExecutionListener@3f1d2e23, org.springframework.test.context.support.DirtiesContextBeforeModesTestExecutionListener@536dbea0, org.springframework.boot.test.mock.mockito.MockitoTestExecutionListener@47c81abf, org.springframework.boot.test.autoconfigure.SpringBootDependencyInjectionTestExecutionListener@776a6d9b, org.springframework.test.context.support.DirtiesContextTestExecutionListener@21d03963, org.springframework.test.context.transaction.TransactionalTestExecutionListener@1f760b47, org.springframework.test.context.jdbc.SqlScriptsTestExecutionListener@18ece7f4, org.springframework.test.context.event.EventPublishingTestExecutionListener@3cce57c7, org.springframework.boot.test.mock.mockito.ResetMocksTestExecutionListener@1cf56a1c, org.springframework.boot.test.autoconfigure.restdocs.RestDocsTestExecutionListener@33f676f6, org.springframework.boot.test.autoconfigure.web.client.MockRestServiceServerResetTestExecutionListener@4c5ae43b, org.springframework.boot.test.autoconfigure.web.servlet.MockMvcPrintOnlyOnFailureTestExecutionListener@264f218, org.springframework.boot.test.autoconfigure.web.servlet.WebDriverTestExecutionListener@3576ddc2]
2020-04-13 20:09:56 [main] INFO  c.s.a.c.AccountManagerControllerTest -
				No active profile set, falling back to default profiles: default
2020-04-13 20:09:59 [main] INFO  o.s.s.c.ThreadPoolTaskExecutor -
				Initializing ExecutorService 'applicationTaskExecutor'
2020-04-13 20:10:00 [main] INFO  o.s.b.t.m.w.SpringBootMockServletContext -
				Initializing Spring TestDispatcherServlet ''
2020-04-13 20:10:00 [main] INFO  o.s.t.w.s.TestDispatcherServlet -
				Initializing Servlet ''
2020-04-13 20:10:00 [main] INFO  o.s.t.w.s.TestDispatcherServlet -
				Completed initialization in 30 ms
2020-04-13 20:10:00 [main] INFO  c.s.a.c.AccountManagerControllerTest -
				Started AccountManagerControllerTest in 6.585 seconds (JVM running for 12.093)
2020-04-13 20:10:01 [main] INFO  o.s.mock.web.MockServletContext -
				Initializing Spring TestDispatcherServlet ''
2020-04-13 20:10:01 [main] INFO  o.s.t.w.s.TestDispatcherServlet -
				Initializing Servlet ''
2020-04-13 20:10:01 [main] INFO  o.s.t.w.s.TestDispatcherServlet -
				Completed initialization in 0 ms
2020-04-13 20:10:02 [main] INFO  o.s.mock.web.MockServletContext -
				Initializing Spring TestDispatcherServlet ''
2020-04-13 20:10:02 [main] INFO  o.s.t.w.s.TestDispatcherServlet -
				Initializing Servlet ''
2020-04-13 20:10:02 [main] INFO  o.s.t.w.s.TestDispatcherServlet -
				Completed initialization in 0 ms
2020-04-13 20:10:02 [SpringContextShutdownHook] INFO  o.s.s.c.ThreadPoolTaskExecutor -
				Shutting down ExecutorService 'applicationTaskExecutor'
